<?xml version="1.0" encoding="utf-8"?><testsuites><testsuite name="pytest" errors="0" failures="0" skipped="0" tests="8" time="0.529" timestamp="2024-11-23T02:09:36.421544+03:00" hostname="LAPTOP-PB91RRQD"><testcase classname="test_main" name="test_create_session" time="0.010" /><testcase classname="test_main" name="test_create_item_valid_session" time="0.004" /><testcase classname="test_main" name="test_create_item_session_not_found" time="0.002" /><testcase classname="test_main" name="test_create_item_expired_session" time="0.002" /><testcase classname="test_main" name="test_homepage" time="0.002" /><testcase classname="test_storage" name="test_create_session" time="0.001" /><testcase classname="test_storage" name="test_get_session_valid" time="0.002" /><testcase classname="test_storage" name="test_get_session_not_found" time="0.001" /></testsuite></testsuites>